\BOOKMARK [1][-]{section.1}{\376\377\000I\000n\000t\000r\000o\000d\000u\000c\000t\000i\000o\000n}{}% 1
\BOOKMARK [2][-]{subsection.1.1}{\376\377\000E\000n\000c\000o\000d\000i\000n\000g\000\040\000P\000i\000p\000e\000l\000i\000n\000e\000\040\000O\000v\000e\000r\000v\000i\000e\000w}{section.1}% 2
\BOOKMARK [1][-]{section.2}{\376\377\000C\000o\000l\000o\000r\000\040\000S\000p\000a\000c\000e\000\040\000C\000o\000n\000v\000e\000r\000s\000i\000o\000n}{}% 3
\BOOKMARK [2][-]{subsection.2.1}{\376\377\000M\000a\000t\000h\000e\000m\000a\000t\000i\000c\000a\000l\000\040\000F\000o\000r\000m\000u\000l\000a\000t\000i\000o\000n}{section.2}% 4
\BOOKMARK [2][-]{subsection.2.2}{\376\377\000I\000m\000p\000l\000e\000m\000e\000n\000t\000a\000t\000i\000o\000n}{section.2}% 5
\BOOKMARK [1][-]{section.3}{\376\377\000C\000h\000r\000o\000m\000a\000\040\000S\000u\000b\000s\000a\000m\000p\000l\000i\000n\000g}{}% 6
\BOOKMARK [2][-]{subsection.3.1}{\376\377\000S\000u\000b\000s\000a\000m\000p\000l\000i\000n\000g\000\040\000M\000o\000d\000e\000s}{section.3}% 7
\BOOKMARK [1][-]{section.4}{\376\377\000D\000i\000s\000c\000r\000e\000t\000e\000\040\000C\000o\000s\000i\000n\000e\000\040\000T\000r\000a\000n\000s\000f\000o\000r\000m\000\040\000\050\000D\000C\000T\000\051}{}% 8
\BOOKMARK [2][-]{subsection.4.1}{\376\377\0002\000D\000-\000D\000C\000T\000\040\000F\000o\000r\000m\000u\000l\000a}{section.4}% 9
\BOOKMARK [2][-]{subsection.4.2}{\376\377\000D\000C\000T\000\040\000B\000a\000s\000i\000s\000\040\000F\000u\000n\000c\000t\000i\000o\000n\000s}{section.4}% 10
\BOOKMARK [2][-]{subsection.4.3}{\376\377\000M\000a\000t\000r\000i\000x\000\040\000I\000m\000p\000l\000e\000m\000e\000n\000t\000a\000t\000i\000o\000n}{section.4}% 11
\BOOKMARK [2][-]{subsection.4.4}{\376\377\000I\000m\000p\000l\000e\000m\000e\000n\000t\000a\000t\000i\000o\000n}{section.4}% 12
\BOOKMARK [1][-]{section.5}{\376\377\000Q\000u\000a\000n\000t\000i\000z\000a\000t\000i\000o\000n}{}% 13
\BOOKMARK [2][-]{subsection.5.1}{\376\377\000Q\000u\000a\000n\000t\000i\000z\000a\000t\000i\000o\000n\000\040\000F\000o\000r\000m\000u\000l\000a}{section.5}% 14
\BOOKMARK [2][-]{subsection.5.2}{\376\377\000S\000t\000a\000n\000d\000a\000r\000d\000\040\000Q\000u\000a\000n\000t\000i\000z\000a\000t\000i\000o\000n\000\040\000T\000a\000b\000l\000e\000s}{section.5}% 15
\BOOKMARK [2][-]{subsection.5.3}{\376\377\000Q\000u\000a\000l\000i\000t\000y\000\040\000S\000c\000a\000l\000i\000n\000g}{section.5}% 16
\BOOKMARK [1][-]{section.6}{\376\377\000Z\000i\000g\000z\000a\000g\000\040\000S\000c\000a\000n\000n\000i\000n\000g\000\040\000\046\000\040\000R\000u\000n\000-\000L\000e\000n\000g\000t\000h\000\040\000E\000n\000c\000o\000d\000i\000n\000g}{}% 17
\BOOKMARK [2][-]{subsection.6.1}{\376\377\000Z\000i\000g\000z\000a\000g\000\040\000P\000a\000t\000t\000e\000r\000n}{section.6}% 18
\BOOKMARK [2][-]{subsection.6.2}{\376\377\000R\000u\000n\000-\000L\000e\000n\000g\000t\000h\000\040\000E\000n\000c\000o\000d\000i\000n\000g}{section.6}% 19
\BOOKMARK [1][-]{section.7}{\376\377\000H\000u\000f\000f\000m\000a\000n\000\040\000E\000n\000c\000o\000d\000i\000n\000g}{}% 20
\BOOKMARK [2][-]{subsection.7.1}{\376\377\000D\000C\000\040\000C\000o\000e\000f\000f\000i\000c\000i\000e\000n\000t\000\040\000E\000n\000c\000o\000d\000i\000n\000g}{section.7}% 21
\BOOKMARK [2][-]{subsection.7.2}{\376\377\000S\000t\000a\000n\000d\000a\000r\000d\000\040\000D\000C\000\040\000L\000u\000m\000i\000n\000a\000n\000c\000e\000\040\000H\000u\000f\000f\000m\000a\000n\000\040\000T\000a\000b\000l\000e}{section.7}% 22
\BOOKMARK [2][-]{subsection.7.3}{\376\377\000B\000i\000t\000\040\000W\000r\000i\000t\000i\000n\000g\000\040\000w\000i\000t\000h\000\040\000B\000y\000t\000e\000\040\000S\000t\000u\000f\000f\000i\000n\000g}{section.7}% 23
\BOOKMARK [1][-]{section.8}{\376\377\000J\000P\000E\000G\000\040\000F\000i\000l\000e\000\040\000S\000t\000r\000u\000c\000t\000u\000r\000e}{}% 24
\BOOKMARK [2][-]{subsection.8.1}{\376\377\000M\000a\000r\000k\000e\000r\000\040\000O\000v\000e\000r\000v\000i\000e\000w}{section.8}% 25
\BOOKMARK [2][-]{subsection.8.2}{\376\377\000S\000O\000F\0000\000\040\000C\000o\000m\000p\000o\000n\000e\000n\000t\000\040\000S\000p\000e\000c\000i\000f\000i\000c\000a\000t\000i\000o\000n}{section.8}% 26
\BOOKMARK [1][-]{section.9}{\376\377\000I\000m\000p\000l\000e\000m\000e\000n\000t\000a\000t\000i\000o\000n\000\040\000R\000e\000s\000u\000l\000t\000s}{}% 27
\BOOKMARK [2][-]{subsection.9.1}{\376\377\000C\000o\000m\000p\000r\000e\000s\000s\000i\000o\000n\000\040\000P\000e\000r\000f\000o\000r\000m\000a\000n\000c\000e}{section.9}% 28
\BOOKMARK [2][-]{subsection.9.2}{\376\377\000Q\000u\000a\000l\000i\000t\000y\000\040\000M\000e\000t\000r\000i\000c\000s}{section.9}% 29
\BOOKMARK [1][-]{section.10}{\376\377\000U\000s\000a\000g\000e\000\040\000G\000u\000i\000d\000e}{}% 30
\BOOKMARK [2][-]{subsection.10.1}{\376\377\000C\000o\000m\000m\000a\000n\000d\000\040\000L\000i\000n\000e}{section.10}% 31
\BOOKMARK [2][-]{subsection.10.2}{\376\377\000P\000y\000t\000h\000o\000n\000\040\000A\000P\000I}{section.10}% 32
\BOOKMARK [1][-]{section.11}{\376\377\000R\000e\000f\000e\000r\000e\000n\000c\000e\000s}{}% 33
